2020-06-12 17:45:41,145  - INFO - 选择的浏览器为: Chrome浏览器
2020-06-12 17:45:41,145  - INFO - 打开的URL为: http://lhy.52kaoyu.com/login
2020-06-12 17:45:43,594  - INFO - 启动谷歌浏览器
2020-06-12 17:45:45,190  - INFO - 全屏当前窗口
2020-06-12 17:45:45,192  - INFO - 设置5秒隐式等待时间
2020-06-12 17:45:45,194  - INFO - {'username': 'sadmin', 'password': 'asdmin', 'check': '登录'}
2020-06-12 17:45:45,194  - INFO - 清空文本框内容: username...
2020-06-12 17:45:46,257  - INFO - 输入内容方式 by id: username...
2020-06-12 17:45:46,257  - INFO - 输入内容: sadmin
2020-06-12 17:45:48,316  - INFO - 清空文本框内容: password...
2020-06-12 17:45:49,372  - INFO - 输入内容方式 by id: password...
2020-06-12 17:45:49,372  - INFO - 输入内容: asdmin
2020-06-12 17:45:51,436  - INFO - 点击元素 by xpath: //*[@id="loginForm"]/button...
2020-06-12 17:45:53,517  - INFO - {'username': 'sadmin1', 'password': 'sadmin001', 'check': '登录'}
2020-06-12 17:45:53,517  - INFO - 清空文本框内容: username...
2020-06-12 17:45:54,557  - INFO - 输入内容方式 by id: username...
2020-06-12 17:45:54,557  - INFO - 输入内容: sadmin1
2020-06-12 17:45:56,613  - INFO - 清空文本框内容: password...
2020-06-12 17:45:57,656  - INFO - 输入内容方式 by id: password...
2020-06-12 17:45:57,656  - INFO - 输入内容: sadmin001
2020-06-12 17:45:59,717  - INFO - 点击元素 by xpath: //*[@id="loginForm"]/button...
2020-06-12 17:46:01,768  - INFO - {'username': '', 'password': '', 'check': '登录'}
2020-06-12 17:46:01,769  - INFO - 清空文本框内容: username...
2020-06-12 17:46:02,809  - INFO - 输入内容方式 by id: username...
2020-06-12 17:46:02,809  - INFO - 输入内容: 
2020-06-12 17:46:04,855  - INFO - 清空文本框内容: password...
2020-06-12 17:46:05,896  - INFO - 输入内容方式 by id: password...
2020-06-12 17:46:05,896  - INFO - 输入内容: 
2020-06-12 17:46:07,938  - INFO - 点击元素 by xpath: //*[@id="loginForm"]/button...
2020-06-12 17:46:10,010  - INFO - {'username': '', 'password': 'sadmin001', 'check': '登录'}
2020-06-12 17:46:10,011  - INFO - 清空文本框内容: username...
2020-06-12 17:46:11,046  - INFO - 输入内容方式 by id: username...
2020-06-12 17:46:11,046  - INFO - 输入内容: 
2020-06-12 17:46:13,092  - INFO - 清空文本框内容: password...
2020-06-12 17:46:14,129  - INFO - 输入内容方式 by id: password...
2020-06-12 17:46:14,129  - INFO - 输入内容: sadmin001
2020-06-12 17:46:16,202  - INFO - 点击元素 by xpath: //*[@id="loginForm"]/button...
2020-06-12 17:46:18,271  - INFO - {'username': 'sadmin', 'password': '', 'check': '登录'}
2020-06-12 17:46:18,271  - INFO - 清空文本框内容: username...
2020-06-12 17:46:19,310  - INFO - 输入内容方式 by id: username...
2020-06-12 17:46:19,310  - INFO - 输入内容: sadmin
2020-06-12 17:46:21,360  - INFO - 清空文本框内容: password...
2020-06-12 17:46:22,405  - INFO - 输入内容方式 by id: password...
2020-06-12 17:46:22,405  - INFO - 输入内容: 
2020-06-12 17:46:24,444  - INFO - 点击元素 by xpath: //*[@id="loginForm"]/button...
2020-06-12 17:46:26,505  - INFO - {'username': 'sadmin', 'password': 'sadmin001', 'check': '首页'}
2020-06-12 17:46:26,505  - INFO - 清空文本框内容: username...
2020-06-12 17:46:27,549  - INFO - 输入内容方式 by id: username...
2020-06-12 17:46:27,549  - INFO - 输入内容: sadmin
2020-06-12 17:46:29,609  - INFO - 清空文本框内容: password...
2020-06-12 17:46:30,645  - INFO - 输入内容方式 by id: password...
2020-06-12 17:46:30,645  - INFO - 输入内容: sadmin001
2020-06-12 17:46:32,713  - INFO - 点击元素 by xpath: //*[@id="loginForm"]/button...
2020-06-12 17:46:34,765  - INFO - 关闭浏览器
