2020-06-12 17:47:22,715  - INFO - 读取测试用例excel：[{'username': 'sadmin', 'password': 'asdmin', 'check': '登录'}, {'username': 'sadmin1', 'password': 'sadmin001', 'check': '登录'}, {'username': '', 'password': '', 'check': '登录'}, {'username': '', 'password': 'sadmin001', 'check': '登录'}, {'username': 'sadmin', 'password': '', 'check': '登录'}, {'username': 'sadmin', 'password': 'sadmin001', 'check': '首页'}]
2020-06-12 17:47:22,718  - INFO - 选择的浏览器为: Chrome浏览器
2020-06-12 17:47:22,718  - INFO - 打开的URL为: http://lhy.52kaoyu.com/login
2020-06-12 17:47:25,109  - INFO - 启动谷歌浏览器
2020-06-12 17:47:26,596  - INFO - 全屏当前窗口
2020-06-12 17:47:26,597  - INFO - 设置5秒隐式等待时间
2020-06-12 17:47:26,599  - INFO - {'username': 'sadmin', 'password': 'asdmin', 'check': '登录'}
2020-06-12 17:47:26,599  - INFO - 清空文本框内容: username...
2020-06-12 17:47:27,662  - INFO - 输入内容方式 by id: username...
2020-06-12 17:47:27,662  - INFO - 输入内容: sadmin
2020-06-12 17:47:29,720  - INFO - 清空文本框内容: password...
2020-06-12 17:47:30,778  - INFO - 输入内容方式 by id: password...
2020-06-12 17:47:30,778  - INFO - 输入内容: asdmin
2020-06-12 17:47:32,847  - INFO - 点击元素 by xpath: //*[@id="loginForm"]/button...
2020-06-12 17:47:34,928  - INFO - {'username': 'sadmin1', 'password': 'sadmin001', 'check': '登录'}
2020-06-12 17:47:34,928  - INFO - 清空文本框内容: username...
2020-06-12 17:47:35,969  - INFO - 输入内容方式 by id: username...
2020-06-12 17:47:35,969  - INFO - 输入内容: sadmin1
2020-06-12 17:47:38,028  - INFO - 清空文本框内容: password...
2020-06-12 17:47:39,073  - INFO - 输入内容方式 by id: password...
2020-06-12 17:47:39,073  - INFO - 输入内容: sadmin001
2020-06-12 17:47:41,142  - INFO - 点击元素 by xpath: //*[@id="loginForm"]/button...
2020-06-12 17:47:43,218  - INFO - {'username': '', 'password': '', 'check': '登录'}
2020-06-12 17:47:43,218  - INFO - 清空文本框内容: username...
2020-06-12 17:47:44,277  - INFO - 输入内容方式 by id: username...
2020-06-12 17:47:44,277  - INFO - 输入内容: 
2020-06-12 17:47:46,325  - INFO - 清空文本框内容: password...
2020-06-12 17:47:47,364  - INFO - 输入内容方式 by id: password...
2020-06-12 17:47:47,364  - INFO - 输入内容: 
2020-06-12 17:47:49,407  - INFO - 点击元素 by xpath: //*[@id="loginForm"]/button...
2020-06-12 17:47:51,473  - INFO - {'username': '', 'password': 'sadmin001', 'check': '登录'}
2020-06-12 17:47:51,473  - INFO - 清空文本框内容: username...
2020-06-12 17:47:52,510  - INFO - 输入内容方式 by id: username...
2020-06-12 17:47:52,510  - INFO - 输入内容: 
2020-06-12 17:47:54,555  - INFO - 清空文本框内容: password...
2020-06-12 17:47:55,593  - INFO - 输入内容方式 by id: password...
2020-06-12 17:47:55,593  - INFO - 输入内容: sadmin001
2020-06-12 17:47:57,664  - INFO - 点击元素 by xpath: //*[@id="loginForm"]/button...
2020-06-12 17:47:59,735  - INFO - {'username': 'sadmin', 'password': '', 'check': '登录'}
2020-06-12 17:47:59,735  - INFO - 清空文本框内容: username...
2020-06-12 17:48:00,771  - INFO - 输入内容方式 by id: username...
2020-06-12 17:48:00,771  - INFO - 输入内容: sadmin
2020-06-12 17:48:02,819  - INFO - 清空文本框内容: password...
2020-06-12 17:48:03,863  - INFO - 输入内容方式 by id: password...
2020-06-12 17:48:03,863  - INFO - 输入内容: 
2020-06-12 17:48:05,904  - INFO - 点击元素 by xpath: //*[@id="loginForm"]/button...
2020-06-12 17:48:07,968  - INFO - {'username': 'sadmin', 'password': 'sadmin001', 'check': '首页'}
2020-06-12 17:48:07,968  - INFO - 清空文本框内容: username...
2020-06-12 17:48:09,010  - INFO - 输入内容方式 by id: username...
2020-06-12 17:48:09,010  - INFO - 输入内容: sadmin
2020-06-12 17:48:11,068  - INFO - 清空文本框内容: password...
2020-06-12 17:48:12,106  - INFO - 输入内容方式 by id: password...
2020-06-12 17:48:12,106  - INFO - 输入内容: sadmin001
2020-06-12 17:48:14,174  - INFO - 点击元素 by xpath: //*[@id="loginForm"]/button...
2020-06-12 17:48:16,226  - INFO - 关闭浏览器
